<?xml version="1.0" encoding="UTF-8"?>
<!-- Generated by org.testng.reporters.JUnitXMLReporter -->
<testsuite ignored="0" hostname="DESKTOP-2DFNCFA" failures="0" tests="4" name="Default test" time="20.434" errors="0" timestamp="2025-09-14T13:38:46 IST">
  <testcase classname="testNg_extra.SauceDemo" name="loginToSauceDemo" time="4.757"/>
  <testcase classname="testNg_extra.SauceDemo" name="loginToSauceDemo" time="3.221"/>
  <testcase classname="testNg_extra.SauceDemo" name="loginToSauceDemo" time="3.291"/>
  <testcase classname="testNg_extra.SauceDemo" name="loginToSauceDemo" time="9.088"/>
</testsuite> <!-- Default test -->
