<?xml version="1.0" encoding="UTF-8"?>
<!-- Generated by org.testng.reporters.JUnitXMLReporter -->
<testsuite ignored="3" hostname="DESKTOP-2DFNCFA" failures="0" tests="3" name="Test" time="0.105" errors="0" timestamp="2025-09-22T01:03:29 IST">
  <testcase classname="typesOfExecutions.Demo4Test" name="case5" time="0.015"/>
  <testcase classname="typesOfExecutions.Demo4Test" name="case6" time="0.002"/>
  <testcase classname="typesOfExecutions.Demo5Test" name="case9" time="0.003"/>
  <testcase classname="typesOfExecutions.Demo5Test" name="case8" time="0.0">
    <ignored/>
  </testcase> <!-- case8 -->
  <testcase classname="typesOfExecutions.Demo4Test" name="case4" time="0.0">
    <ignored/>
  </testcase> <!-- case4 -->
  <testcase classname="typesOfExecutions.Demo5Test" name="case7" time="0.0">
    <ignored/>
  </testcase> <!-- case7 -->
</testsuite> <!-- Test -->
